Flow report for course_project
Thu May 11 12:35:04 2023
Quartus II Version 9.1 Build 222 10/21/2009 SJ Web Edition


---------------------
; Table of Contents ;
---------------------
  1. Legal Notice
  2. Flow Summary
  3. Flow Settings
  4. Flow Non-Default Global Settings
  5. Flow Elapsed Time
  6. Flow OS Summary
  7. Flow Log



----------------
; Legal Notice ;
----------------
Copyright (C) 1991-2009 Altera Corporation
Your use of Altera Corporation's design tools, logic functions 
and other software and tools, and its AMPP partner logic 
functions, and any output files from any of the foregoing 
(including device programming or simulation files), and any 
associated documentation or information are expressly subject 
to the terms and conditions of the Altera Program License 
Subscription Agreement, Altera MegaCore Function License 
Agreement, or other applicable license agreement, including, 
without limitation, that your use is for the sole purpose of 
programming logic devices manufactured by Altera and sold by 
Altera or its authorized distributors.  Please refer to the 
applicable agreement for further details.



+-------------------------------------------------------------------------+
; Flow Summary                                                            ;
+-------------------------------+-----------------------------------------+
; Flow Status                   ; Successful - Thu May 11 12:35:04 2023   ;
; Quartus II Version            ; 9.1 Build 222 10/21/2009 SJ Web Edition ;
; Revision Name                 ; course_project                          ;
; Top-level Entity Name         ; main                                    ;
; Family                        ; Stratix II                              ;
; Met timing requirements       ; No                                      ;
; Logic utilization             ; 4 %                                     ;
;     Combinational ALUTs       ; 271 / 12,480 ( 2 % )                    ;
;     Dedicated logic registers ; 359 / 12,480 ( 3 % )                    ;
; Total registers               ; 359                                     ;
; Total pins                    ; 69 / 343 ( 20 % )                       ;
; Total virtual pins            ; 0                                       ;
; Total block memory bits       ; 45,056 / 419,328 ( 11 % )               ;
; DSP block 9-bit elements      ; 0 / 96 ( 0 % )                          ;
; Total PLLs                    ; 0 / 6 ( 0 % )                           ;
; Total DLLs                    ; 0 / 2 ( 0 % )                           ;
; Device                        ; EP2S15F484C3                            ;
; Timing Models                 ; Final                                   ;
+-------------------------------+-----------------------------------------+


+-----------------------------------------+
; Flow Settings                           ;
+-------------------+---------------------+
; Option            ; Setting             ;
+-------------------+---------------------+
; Start date & time ; 05/11/2023 12:34:43 ;
; Main task         ; Compilation         ;
; Revision Name     ; course_project      ;
+-------------------+---------------------+


+----------------------------------------------------------------------------------------------------------------------+
; Flow Non-Default Global Settings                                                                                     ;
+------------------------------------+---------------------------------+----------------+-------------+----------------+
; Assignment Name                    ; Value                           ; Default Value  ; Entity Name ; Section Id     ;
+------------------------------------+---------------------------------+----------------+-------------+----------------+
; COMPILER_SIGNATURE_ID              ; 154791892007078.168379768305472 ; --             ; --          ; --             ;
; IP_TOOL_NAME                       ; LPM_BUSTRI                      ; --             ; --          ; --             ;
; IP_TOOL_NAME                       ; LPM_BUSTRI                      ; --             ; --          ; --             ;
; IP_TOOL_NAME                       ; LPM_FF                          ; --             ; --          ; --             ;
; IP_TOOL_NAME                       ; LPM_FF                          ; --             ; --          ; --             ;
; IP_TOOL_NAME                       ; LPM_FF                          ; --             ; --          ; --             ;
; IP_TOOL_NAME                       ; LPM_CONSTANT                    ; --             ; --          ; --             ;
; IP_TOOL_NAME                       ; LPM_MUX                         ; --             ; --          ; --             ;
; IP_TOOL_NAME                       ; LPM_FF                          ; --             ; --          ; --             ;
; IP_TOOL_NAME                       ; LPM_BUSTRI                      ; --             ; --          ; --             ;
; IP_TOOL_NAME                       ; LPM_COMPARE                     ; --             ; --          ; --             ;
; IP_TOOL_NAME                       ; LPM_COMPARE                     ; --             ; --          ; --             ;
; IP_TOOL_NAME                       ; LPM_COUNTER                     ; --             ; --          ; --             ;
; IP_TOOL_NAME                       ; LPM_FF                          ; --             ; --          ; --             ;
; IP_TOOL_NAME                       ; LPM_MUX                         ; --             ; --          ; --             ;
; IP_TOOL_NAME                       ; LPM_BUSTRI                      ; --             ; --          ; --             ;
; IP_TOOL_NAME                       ; LPM_DECODE                      ; --             ; --          ; --             ;
; IP_TOOL_NAME                       ; LPM_COMPARE                     ; --             ; --          ; --             ;
; IP_TOOL_NAME                       ; LPM_CLSHIFT                     ; --             ; --          ; --             ;
; IP_TOOL_NAME                       ; LPM_XOR                         ; --             ; --          ; --             ;
; IP_TOOL_NAME                       ; LPM_MUX                         ; --             ; --          ; --             ;
; IP_TOOL_NAME                       ; LPM_BUSTRI                      ; --             ; --          ; --             ;
; IP_TOOL_NAME                       ; LPM_OR                          ; --             ; --          ; --             ;
; IP_TOOL_NAME                       ; LPM_COMPARE                     ; --             ; --          ; --             ;
; IP_TOOL_NAME                       ; LPM_MUX                         ; --             ; --          ; --             ;
; IP_TOOL_NAME                       ; LPM_BUSTRI                      ; --             ; --          ; --             ;
; IP_TOOL_NAME                       ; LPM_ADD_SUB                     ; --             ; --          ; --             ;
; IP_TOOL_NAME                       ; LPM_INV                         ; --             ; --          ; --             ;
; IP_TOOL_NAME                       ; LPM_OR                          ; --             ; --          ; --             ;
; IP_TOOL_NAME                       ; LPM_FF                          ; --             ; --          ; --             ;
; IP_TOOL_NAME                       ; LPM_FF                          ; --             ; --          ; --             ;
; IP_TOOL_NAME                       ; LPM_DECODE                      ; --             ; --          ; --             ;
; IP_TOOL_NAME                       ; LPM_FF                          ; --             ; --          ; --             ;
; IP_TOOL_NAME                       ; LPM_FF                          ; --             ; --          ; --             ;
; IP_TOOL_NAME                       ; LPM_MUX                         ; --             ; --          ; --             ;
; IP_TOOL_NAME                       ; LPM_COUNTER                     ; --             ; --          ; --             ;
; IP_TOOL_NAME                       ; LPM_COUNTER                     ; --             ; --          ; --             ;
; IP_TOOL_NAME                       ; LPM_DECODE                      ; --             ; --          ; --             ;
; IP_TOOL_NAME                       ; LPM_FF                          ; --             ; --          ; --             ;
; IP_TOOL_NAME                       ; LPM_MUX                         ; --             ; --          ; --             ;
; IP_TOOL_NAME                       ; LPM_FF                          ; --             ; --          ; --             ;
; IP_TOOL_NAME                       ; LPM_BUSTRI                      ; --             ; --          ; --             ;
; IP_TOOL_NAME                       ; LPM_OR                          ; --             ; --          ; --             ;
; IP_TOOL_NAME                       ; LPM_OR                          ; --             ; --          ; --             ;
; IP_TOOL_VERSION                    ; 9.1                             ; --             ; --          ; --             ;
; IP_TOOL_VERSION                    ; 9.1                             ; --             ; --          ; --             ;
; IP_TOOL_VERSION                    ; 9.1                             ; --             ; --          ; --             ;
; IP_TOOL_VERSION                    ; 9.1                             ; --             ; --          ; --             ;
; IP_TOOL_VERSION                    ; 9.1                             ; --             ; --          ; --             ;
; IP_TOOL_VERSION                    ; 9.1                             ; --             ; --          ; --             ;
; IP_TOOL_VERSION                    ; 9.1                             ; --             ; --          ; --             ;
; IP_TOOL_VERSION                    ; 9.1                             ; --             ; --          ; --             ;
; IP_TOOL_VERSION                    ; 9.1                             ; --             ; --          ; --             ;
; IP_TOOL_VERSION                    ; 9.1                             ; --             ; --          ; --             ;
; IP_TOOL_VERSION                    ; 9.1                             ; --             ; --          ; --             ;
; IP_TOOL_VERSION                    ; 9.1                             ; --             ; --          ; --             ;
; IP_TOOL_VERSION                    ; 9.1                             ; --             ; --          ; --             ;
; IP_TOOL_VERSION                    ; 9.1                             ; --             ; --          ; --             ;
; IP_TOOL_VERSION                    ; 9.1                             ; --             ; --          ; --             ;
; IP_TOOL_VERSION                    ; 9.1                             ; --             ; --          ; --             ;
; IP_TOOL_VERSION                    ; 9.1                             ; --             ; --          ; --             ;
; IP_TOOL_VERSION                    ; 9.1                             ; --             ; --          ; --             ;
; IP_TOOL_VERSION                    ; 9.1                             ; --             ; --          ; --             ;
; IP_TOOL_VERSION                    ; 9.1                             ; --             ; --          ; --             ;
; IP_TOOL_VERSION                    ; 9.1                             ; --             ; --          ; --             ;
; IP_TOOL_VERSION                    ; 9.1                             ; --             ; --          ; --             ;
; IP_TOOL_VERSION                    ; 9.1                             ; --             ; --          ; --             ;
; IP_TOOL_VERSION                    ; 9.1                             ; --             ; --          ; --             ;
; IP_TOOL_VERSION                    ; 9.1                             ; --             ; --          ; --             ;
; IP_TOOL_VERSION                    ; 9.1                             ; --             ; --          ; --             ;
; IP_TOOL_VERSION                    ; 9.1                             ; --             ; --          ; --             ;
; IP_TOOL_VERSION                    ; 9.1                             ; --             ; --          ; --             ;
; IP_TOOL_VERSION                    ; 9.1                             ; --             ; --          ; --             ;
; IP_TOOL_VERSION                    ; 9.1                             ; --             ; --          ; --             ;
; IP_TOOL_VERSION                    ; 9.1                             ; --             ; --          ; --             ;
; IP_TOOL_VERSION                    ; 9.1                             ; --             ; --          ; --             ;
; IP_TOOL_VERSION                    ; 9.1                             ; --             ; --          ; --             ;
; IP_TOOL_VERSION                    ; 9.1                             ; --             ; --          ; --             ;
; IP_TOOL_VERSION                    ; 9.1                             ; --             ; --          ; --             ;
; IP_TOOL_VERSION                    ; 9.1                             ; --             ; --          ; --             ;
; IP_TOOL_VERSION                    ; 9.1                             ; --             ; --          ; --             ;
; IP_TOOL_VERSION                    ; 9.1                             ; --             ; --          ; --             ;
; IP_TOOL_VERSION                    ; 9.1                             ; --             ; --          ; --             ;
; IP_TOOL_VERSION                    ; 9.1                             ; --             ; --          ; --             ;
; IP_TOOL_VERSION                    ; 9.1                             ; --             ; --          ; --             ;
; IP_TOOL_VERSION                    ; 9.1                             ; --             ; --          ; --             ;
; IP_TOOL_VERSION                    ; 9.1                             ; --             ; --          ; --             ;
; MISC_FILE                          ; lpm_bustri1.bsf                 ; --             ; --          ; --             ;
; MISC_FILE                          ; lpm_bustri2.bsf                 ; --             ; --          ; --             ;
; MISC_FILE                          ; lpm_dff1.bsf                    ; --             ; --          ; --             ;
; MISC_FILE                          ; lpm_dff2.bsf                    ; --             ; --          ; --             ;
; MISC_FILE                          ; lpm_dff3.bsf                    ; --             ; --          ; --             ;
; MISC_FILE                          ; lpm_constant0.bsf               ; --             ; --          ; --             ;
; MISC_FILE                          ; lpm_mux0.bsf                    ; --             ; --          ; --             ;
; MISC_FILE                          ; lpm_dff4.bsf                    ; --             ; --          ; --             ;
; MISC_FILE                          ; lpm_bustri3.bsf                 ; --             ; --          ; --             ;
; MISC_FILE                          ; lpm_compare0.bsf                ; --             ; --          ; --             ;
; MISC_FILE                          ; lpm_compare1.bsf                ; --             ; --          ; --             ;
; MISC_FILE                          ; lpm_counter2.bsf                ; --             ; --          ; --             ;
; MISC_FILE                          ; lpm_dff5.bsf                    ; --             ; --          ; --             ;
; MISC_FILE                          ; lpm_mux1.bsf                    ; --             ; --          ; --             ;
; MISC_FILE                          ; lpm_bustri4.bsf                 ; --             ; --          ; --             ;
; MISC_FILE                          ; lpm_decode2.bsf                 ; --             ; --          ; --             ;
; MISC_FILE                          ; lpm_compare2.bsf                ; --             ; --          ; --             ;
; MISC_FILE                          ; lpm_clshift0.bsf                ; --             ; --          ; --             ;
; MISC_FILE                          ; lpm_xor0.bsf                    ; --             ; --          ; --             ;
; MISC_FILE                          ; lpm_mux2.bsf                    ; --             ; --          ; --             ;
; MISC_FILE                          ; lpm_bustri5.bsf                 ; --             ; --          ; --             ;
; MISC_FILE                          ; lpm_or1.bsf                     ; --             ; --          ; --             ;
; MISC_FILE                          ; lpm_compare3.bsf                ; --             ; --          ; --             ;
; MISC_FILE                          ; lpm_mux3.bsf                    ; --             ; --          ; --             ;
; MISC_FILE                          ; lpm_bustri6.bsf                 ; --             ; --          ; --             ;
; MISC_FILE                          ; lpm_add_sub0.bsf                ; --             ; --          ; --             ;
; MISC_FILE                          ; lpm_inv0.bsf                    ; --             ; --          ; --             ;
; MISC_FILE                          ; lpm_or2.bsf                     ; --             ; --          ; --             ;
; MISC_FILE                          ; lpm_dff6.bsf                    ; --             ; --          ; --             ;
; MISC_FILE                          ; lpm_dff7.bsf                    ; --             ; --          ; --             ;
; MISC_FILE                          ; lpm_decode3.bsf                 ; --             ; --          ; --             ;
; MISC_FILE                          ; lpm_dff8.bsf                    ; --             ; --          ; --             ;
; MISC_FILE                          ; lpm_dff9.bsf                    ; --             ; --          ; --             ;
; MISC_FILE                          ; lpm_mux4.bsf                    ; --             ; --          ; --             ;
; MISC_FILE                          ; lpm_counter3.bsf                ; --             ; --          ; --             ;
; MISC_FILE                          ; lpm_counter4.bsf                ; --             ; --          ; --             ;
; MISC_FILE                          ; lpm_decode4.bsf                 ; --             ; --          ; --             ;
; MISC_FILE                          ; lpm_dff10.bsf                   ; --             ; --          ; --             ;
; MISC_FILE                          ; lpm_mux5.bsf                    ; --             ; --          ; --             ;
; MISC_FILE                          ; lpm_dff11.bsf                   ; --             ; --          ; --             ;
; MISC_FILE                          ; lpm_bustri7.bsf                 ; --             ; --          ; --             ;
; MISC_FILE                          ; lpm_or3.bsf                     ; --             ; --          ; --             ;
; MISC_FILE                          ; lpm_or4.bsf                     ; --             ; --          ; --             ;
; PARTITION_COLOR                    ; 16764057                        ; --             ; main        ; Top            ;
; PARTITION_NETLIST_TYPE             ; SOURCE                          ; --             ; main        ; Top            ;
; TOP_LEVEL_ENTITY                   ; main                            ; course_project ; --          ; --             ;
; USE_GENERATED_PHYSICAL_CONSTRAINTS ; Off                             ; --             ; --          ; eda_blast_fpga ;
+------------------------------------+---------------------------------+----------------+-------------+----------------+


+-----------------------------------------------------------------------------------------------------------------------------+
; Flow Elapsed Time                                                                                                           ;
+-------------------------+--------------+-------------------------+---------------------+------------------------------------+
; Module Name             ; Elapsed Time ; Average Processors Used ; Peak Virtual Memory ; Total CPU Time (on all processors) ;
+-------------------------+--------------+-------------------------+---------------------+------------------------------------+
; Analysis & Synthesis    ; 00:00:11     ; 1.0                     ; 269 MB              ; 00:00:09                           ;
; Fitter                  ; 00:00:06     ; 1.0                     ; 288 MB              ; 00:00:06                           ;
; Assembler               ; 00:00:02     ; 1.0                     ; 246 MB              ; 00:00:01                           ;
; Classic Timing Analyzer ; 00:00:01     ; 1.0                     ; 180 MB              ; 00:00:00                           ;
; Total                   ; 00:00:20     ; --                      ; --                  ; 00:00:16                           ;
+-------------------------+--------------+-------------------------+---------------------+------------------------------------+


+------------------------------------------------------------------------------------------+
; Flow OS Summary                                                                          ;
+-------------------------+------------------+---------------+------------+----------------+
; Module Name             ; Machine Hostname ; OS Name       ; OS Version ; Processor type ;
+-------------------------+------------------+---------------+------------+----------------+
; Analysis & Synthesis    ; WIN-TN3DIFATC8C  ; Windows Vista ; 6.2        ; x86_64         ;
; Fitter                  ; WIN-TN3DIFATC8C  ; Windows Vista ; 6.2        ; x86_64         ;
; Assembler               ; WIN-TN3DIFATC8C  ; Windows Vista ; 6.2        ; x86_64         ;
; Classic Timing Analyzer ; WIN-TN3DIFATC8C  ; Windows Vista ; 6.2        ; x86_64         ;
+-------------------------+------------------+---------------+------------+----------------+


------------
; Flow Log ;
------------
quartus_map --read_settings_files=on --write_settings_files=off course_project -c course_project
quartus_fit --read_settings_files=off --write_settings_files=off course_project -c course_project
quartus_asm --read_settings_files=off --write_settings_files=off course_project -c course_project
quartus_tan --read_settings_files=off --write_settings_files=off course_project -c course_project --timing_analysis_only



